<?xml version="1.0" encoding="UTF-8"?>
<testsuite name="com.vinoth.api.model.CalculationsTest" tests="1" skipped="0" failures="0" errors="0" timestamp="2020-06-15T01:17:58" hostname="SCARII-VINOTH" time="0.003">
  <properties/>
  <testcase name="testUnknown" classname="com.vinoth.api.model.CalculationsTest" time="0.003"/>
  <system-out><![CDATA[]]></system-out>
  <system-err><![CDATA[]]></system-err>
</testsuite>
